<?xml version="1.0" encoding="UTF-8"?>
<!-- Generated by org.testng.reporters.JUnitXMLReporter -->
<testsuite ignored="0" hostname="DESKTOP-2EVCIH4" failures="0" tests="4" name="Surefire test" time="70.977" errors="0" timestamp="2022-06-13T17:09:53 IST">
  <testcase classname="testClasses.LoginPageTest" name="loginIntoAppTest" time="4.713"/>
  <testcase classname="testClasses.ReviewPageTest" name="clickOnStarTest" time="0.355"/>
  <testcase classname="testClasses.VerifyReviewPageTest" name="verifyMyReviewTextTest" time="7.909"/>
  <testcase classname="testClasses.WriteReviewPageTest" name="selectOptionAndWriteReviewTest" time="2.914"/>
</testsuite> <!-- Surefire test -->
