<?xml version="1.0" encoding="UTF-8"?>
<!-- Generated by org.testng.reporters.JUnitXMLReporter -->
<testsuite ignored="0" hostname="DESKTOP-2EVCIH4" failures="0" tests="4" name="Test" time="76.266" errors="0" timestamp="2022-06-13T17:11:31 IST">
  <testcase classname="testClasses.ReviewPageTest" name="clickOnStarTest" time="0.654"/>
  <testcase classname="testClasses.WriteReviewPageTest" name="selectOptionAndWriteReviewTest" time="3.047"/>
  <testcase classname="testClasses.LoginPageTest" name="loginIntoAppTest" time="5.664"/>
  <testcase classname="testClasses.VerifyReviewPageTest" name="verifyMyReviewTextTest" time="9.65"/>
</testsuite> <!-- Test -->
