<?xml version="1.0" encoding="UTF-8"?>
<testng-results ignored="0" total="4" passed="4" failed="0" skipped="0">
  <reporter-output>
  </reporter-output>
  <suite started-at="2022-06-13T17:08:42 IST" name="Surefire suite" finished-at="2022-06-13T17:09:53 IST" duration-ms="70977">
    <groups>
    </groups>
    <test started-at="2022-06-13T17:08:42 IST" name="Surefire test" finished-at="2022-06-13T17:09:53 IST" duration-ms="70977">
      <class name="testClasses.WriteReviewPageTest">
        <test-method is-config="true" signature="setUp()[pri:0, instance:testClasses.WriteReviewPageTest@37271612]" started-at="2022-06-13T17:09:40 IST" name="setUp" finished-at="2022-06-13T17:09:50 IST" duration-ms="9302" status="PASS">
          <reporter-output>
          </reporter-output>
        </test-method> <!-- setUp -->
        <test-method signature="selectOptionAndWriteReviewTest()[pri:0, instance:testClasses.WriteReviewPageTest@37271612]" started-at="2022-06-13T17:09:50 IST" name="selectOptionAndWriteReviewTest" finished-at="2022-06-13T17:09:53 IST" duration-ms="2914" status="PASS">
          <reporter-output>
          </reporter-output>
        </test-method> <!-- selectOptionAndWriteReviewTest -->
        <test-method is-config="true" signature="tearDown()[pri:0, instance:testClasses.WriteReviewPageTest@37271612]" started-at="2022-06-13T17:09:53 IST" name="tearDown" finished-at="2022-06-13T17:09:53 IST" duration-ms="793" status="PASS">
          <reporter-output>
          </reporter-output>
        </test-method> <!-- tearDown -->
      </class> <!-- testClasses.WriteReviewPageTest -->
      <class name="testClasses.ReviewPageTest">
        <test-method is-config="true" signature="setUp()[pri:0, instance:testClasses.ReviewPageTest@10aa41f2]" started-at="2022-06-13T17:09:02 IST" name="setUp" finished-at="2022-06-13T17:09:12 IST" duration-ms="10049" status="PASS">
          <reporter-output>
          </reporter-output>
        </test-method> <!-- setUp -->
        <test-method signature="clickOnStarTest()[pri:0, instance:testClasses.ReviewPageTest@10aa41f2]" started-at="2022-06-13T17:09:12 IST" name="clickOnStarTest" finished-at="2022-06-13T17:09:12 IST" duration-ms="355" status="PASS">
          <reporter-output>
          </reporter-output>
        </test-method> <!-- clickOnStarTest -->
        <test-method is-config="true" signature="tearDown()[pri:0, instance:testClasses.ReviewPageTest@10aa41f2]" started-at="2022-06-13T17:09:12 IST" name="tearDown" finished-at="2022-06-13T17:09:16 IST" duration-ms="4470" status="PASS">
          <reporter-output>
          </reporter-output>
        </test-method> <!-- tearDown -->
      </class> <!-- testClasses.ReviewPageTest -->
      <class name="testClasses.LoginPageTest">
        <test-method is-config="true" signature="setUp()[pri:0, instance:testClasses.LoginPageTest@6200f9cb]" started-at="2022-06-13T17:08:42 IST" name="setUp" finished-at="2022-06-13T17:08:56 IST" duration-ms="13659" status="PASS">
          <reporter-output>
          </reporter-output>
        </test-method> <!-- setUp -->
        <test-method signature="loginIntoAppTest()[pri:0, instance:testClasses.LoginPageTest@6200f9cb]" started-at="2022-06-13T17:08:56 IST" name="loginIntoAppTest" finished-at="2022-06-13T17:09:01 IST" duration-ms="4713" status="PASS">
          <reporter-output>
          </reporter-output>
        </test-method> <!-- loginIntoAppTest -->
        <test-method is-config="true" signature="tearDown()[pri:0, instance:testClasses.LoginPageTest@6200f9cb]" started-at="2022-06-13T17:09:01 IST" name="tearDown" finished-at="2022-06-13T17:09:02 IST" duration-ms="663" status="PASS">
          <reporter-output>
          </reporter-output>
        </test-method> <!-- tearDown -->
      </class> <!-- testClasses.LoginPageTest -->
      <class name="testClasses.VerifyReviewPageTest">
        <test-method is-config="true" signature="setUp()[pri:0, instance:testClasses.VerifyReviewPageTest@3af9c5b7]" started-at="2022-06-13T17:09:16 IST" name="setUp" finished-at="2022-06-13T17:09:32 IST" duration-ms="15286" status="PASS">
          <reporter-output>
          </reporter-output>
        </test-method> <!-- setUp -->
        <test-method signature="verifyMyReviewTextTest()[pri:0, instance:testClasses.VerifyReviewPageTest@3af9c5b7]" started-at="2022-06-13T17:09:32 IST" name="verifyMyReviewTextTest" finished-at="2022-06-13T17:09:40 IST" duration-ms="7909" status="PASS">
          <reporter-output>
          </reporter-output>
        </test-method> <!-- verifyMyReviewTextTest -->
        <test-method is-config="true" signature="tearDown()[pri:0, instance:testClasses.VerifyReviewPageTest@3af9c5b7]" started-at="2022-06-13T17:09:40 IST" name="tearDown" finished-at="2022-06-13T17:09:40 IST" duration-ms="765" status="PASS">
          <reporter-output>
          </reporter-output>
        </test-method> <!-- tearDown -->
      </class> <!-- testClasses.VerifyReviewPageTest -->
    </test> <!-- Surefire test -->
  </suite> <!-- Surefire suite -->
</testng-results>
