<?xml version="1.0" encoding="UTF-8"?>
<testng-results ignored="0" total="4" passed="4" failed="0" skipped="0">
  <reporter-output>
  </reporter-output>
  <suite started-at="2022-06-13T17:10:15 IST" name="Suite" finished-at="2022-06-13T17:11:31 IST" duration-ms="76266">
    <groups>
    </groups>
    <test started-at="2022-06-13T17:10:15 IST" name="Test" finished-at="2022-06-13T17:11:31 IST" duration-ms="76266">
      <class name="testClasses.WriteReviewPageTest">
        <test-method is-config="true" signature="setUp()[pri:0, instance:testClasses.WriteReviewPageTest@741a8937]" started-at="2022-06-13T17:10:31 IST" name="setUp" finished-at="2022-06-13T17:10:40 IST" duration-ms="8287" status="PASS">
          <reporter-output>
          </reporter-output>
        </test-method> <!-- setUp -->
        <test-method signature="selectOptionAndWriteReviewTest()[pri:0, instance:testClasses.WriteReviewPageTest@741a8937]" started-at="2022-06-13T17:10:40 IST" name="selectOptionAndWriteReviewTest" finished-at="2022-06-13T17:10:43 IST" duration-ms="3047" status="PASS">
          <reporter-output>
          </reporter-output>
        </test-method> <!-- selectOptionAndWriteReviewTest -->
        <test-method is-config="true" signature="tearDown()[pri:0, instance:testClasses.WriteReviewPageTest@741a8937]" started-at="2022-06-13T17:10:43 IST" name="tearDown" finished-at="2022-06-13T17:10:43 IST" duration-ms="742" status="PASS">
          <reporter-output>
          </reporter-output>
        </test-method> <!-- tearDown -->
      </class> <!-- testClasses.WriteReviewPageTest -->
      <class name="testClasses.ReviewPageTest">
        <test-method is-config="true" signature="setUp()[pri:0, instance:testClasses.ReviewPageTest@3d6f0054]" started-at="2022-06-13T17:10:15 IST" name="setUp" finished-at="2022-06-13T17:10:26 IST" duration-ms="10856" status="PASS">
          <reporter-output>
          </reporter-output>
        </test-method> <!-- setUp -->
        <test-method signature="clickOnStarTest()[pri:0, instance:testClasses.ReviewPageTest@3d6f0054]" started-at="2022-06-13T17:10:26 IST" name="clickOnStarTest" finished-at="2022-06-13T17:10:27 IST" duration-ms="654" status="PASS">
          <reporter-output>
          </reporter-output>
        </test-method> <!-- clickOnStarTest -->
        <test-method is-config="true" signature="tearDown()[pri:0, instance:testClasses.ReviewPageTest@3d6f0054]" started-at="2022-06-13T17:10:27 IST" name="tearDown" finished-at="2022-06-13T17:10:31 IST" duration-ms="4445" status="PASS">
          <reporter-output>
          </reporter-output>
        </test-method> <!-- tearDown -->
      </class> <!-- testClasses.ReviewPageTest -->
      <class name="testClasses.LoginPageTest">
        <test-method is-config="true" signature="setUp()[pri:0, instance:testClasses.LoginPageTest@306e95ec]" started-at="2022-06-13T17:10:43 IST" name="setUp" finished-at="2022-06-13T17:10:55 IST" duration-ms="11597" status="PASS">
          <reporter-output>
          </reporter-output>
        </test-method> <!-- setUp -->
        <test-method signature="loginIntoAppTest()[pri:0, instance:testClasses.LoginPageTest@306e95ec]" started-at="2022-06-13T17:10:55 IST" name="loginIntoAppTest" finished-at="2022-06-13T17:11:01 IST" duration-ms="5664" status="PASS">
          <reporter-output>
          </reporter-output>
        </test-method> <!-- loginIntoAppTest -->
        <test-method is-config="true" signature="tearDown()[pri:0, instance:testClasses.LoginPageTest@306e95ec]" started-at="2022-06-13T17:11:01 IST" name="tearDown" finished-at="2022-06-13T17:11:02 IST" duration-ms="1011" status="PASS">
          <reporter-output>
          </reporter-output>
        </test-method> <!-- tearDown -->
      </class> <!-- testClasses.LoginPageTest -->
      <class name="testClasses.VerifyReviewPageTest">
        <test-method is-config="true" signature="setUp()[pri:0, instance:testClasses.VerifyReviewPageTest@52af26ee]" started-at="2022-06-13T17:11:02 IST" name="setUp" finished-at="2022-06-13T17:11:20 IST" duration-ms="18643" status="PASS">
          <reporter-output>
          </reporter-output>
        </test-method> <!-- setUp -->
        <test-method signature="verifyMyReviewTextTest()[pri:0, instance:testClasses.VerifyReviewPageTest@52af26ee]" started-at="2022-06-13T17:11:20 IST" name="verifyMyReviewTextTest" finished-at="2022-06-13T17:11:30 IST" duration-ms="9650" status="PASS">
          <reporter-output>
          </reporter-output>
        </test-method> <!-- verifyMyReviewTextTest -->
        <test-method is-config="true" signature="tearDown()[pri:0, instance:testClasses.VerifyReviewPageTest@52af26ee]" started-at="2022-06-13T17:11:30 IST" name="tearDown" finished-at="2022-06-13T17:11:31 IST" duration-ms="1536" status="PASS">
          <reporter-output>
          </reporter-output>
        </test-method> <!-- tearDown -->
      </class> <!-- testClasses.VerifyReviewPageTest -->
    </test> <!-- Test -->
  </suite> <!-- Suite -->
</testng-results>
